<?xml version="1.0" encoding="UTF-8"?>
<!-- Generated by org.testng.reporters.JUnitReportReporter -->
<testsuite skipped="0" hostname="HDC3-L-6012P1F" name="testScripts.GoogleAccountAdd" tests="1" failures="0" timestamp="15 Aug 2017 10:11:53 GMT" time="61.685" errors="0">
  <testcase name="removeAccountingoogle" time="61.685" classname="testScripts.GoogleAccountAdd"/>
</testsuite> <!-- testScripts.GoogleAccountAdd -->
