<?xml version="1.0" encoding="UTF-8"?>
<!-- Generated by org.testng.reporters.JUnitReportReporter -->
<testsuite skipped="0" hostname="HDC3-L-6012P1F" name="testScripts.MobileBrowser" tests="1" failures="0" timestamp="16 Aug 2017 21:13:54 GMT" time="57.476" errors="0">
  <testcase name="handleAlert" time="57.476" classname="testScripts.MobileBrowser"/>
</testsuite> <!-- testScripts.MobileBrowser -->
